<?xml version="1.0" encoding="UTF-8"?>
<!-- Generated by org.testng.reporters.JUnitReportReporter -->
<testsuite hostname="Dileepriya" failures="0" tests="3" name="org.cross.MultiBrowser" time="16.076" errors="0" timestamp="2025-04-09T08:19:02 IST" skipped="0">
  <testcase classname="org.cross.MultiBrowser" name="tc1" time="6.001"/>
  <testcase classname="org.cross.MultiBrowser" name="tc1" time="2.802"/>
  <testcase classname="org.cross.MultiBrowser" name="tc1" time="7.273"/>
</testsuite> <!-- org.cross.MultiBrowser -->
